0 info it worked if it ends with ok
1 verbose cli [ 'C:\\Program Files\\nodejs\\node.exe',
1 verbose cli   'C:\\Program Files\\nodejs\\node_modules\\npm\\bin\\npm-cli.js',
1 verbose cli   'start',
1 verbose cli   'commit' ]
2 info using npm@3.10.3
3 info using node@v6.6.0
4 verbose run-script [ 'prestart', 'start', 'poststart' ]
5 info lifecycle glamorous@0.0.0-semantically-released~prestart: glamorous@0.0.0-semantically-released
6 silly lifecycle glamorous@0.0.0-semantically-released~prestart: no script for prestart, continuing
7 info lifecycle glamorous@0.0.0-semantically-released~start: glamorous@0.0.0-semantically-released
8 verbose lifecycle glamorous@0.0.0-semantically-released~start: unsafe-perm in lifecycle true
9 verbose lifecycle glamorous@0.0.0-semantically-released~start: PATH: C:\Program Files\nodejs\node_modules\npm\bin\node-gyp-bin;C:\Users\berna\Desktop\projects\glamorous\node_modules\.bin;C:\Program Files\nodejs;C:\Program Files\Docker\Docker\Resources\bin;C:\WINDOWS\system32;C:\WINDOWS;C:\WINDOWS\System32\Wbem;C:\WINDOWS\System32\WindowsPowerShell\v1.0\;C:\Program Files (x86)\Skype\Phone\;C:\Users\berna\.dnx\bin;C:\Program Files\Microsoft DNX\Dnvm\;C:\Program Files\nodejs\;C:\Program Files (x86)\Heroku\bin;C:\Program Files\MongoDB\Server\3.2\bin;C:\Program Files\Git\cmd;C:\SQLite3;C:\Program Files\MySQL\MySQL Utilities 1.6\;C:\Program Files (x86)\Google\Cloud SDK\google-cloud-sdk\bin;C:\Program Files\Sublime Text 3;C:\Users\berna\AppData\Roaming\npm;C:\ffmpeg\bin;C:\Users\berna\AppData\Local\Programs\Python\Python36-32;C:\Program Files (x86)\Google\Cloud SDK;C:\Users\berna\AppData\Local\Programs\Python\Python36-32\Scripts\;C:\Users\berna\AppData\Local\Programs\Python\Python36-32\;C:\Users\berna\AppData\Local\atom\bin;C:\Users\berna\AppData\Local\Microsoft\WindowsApps;C:\Program Files (x86)\Microsoft VS Code\bin
10 verbose lifecycle glamorous@0.0.0-semantically-released~start: CWD: C:\Users\berna\Desktop\projects\glamorous
11 silly lifecycle glamorous@0.0.0-semantically-released~start: Args: [ '/d /s /c', 'nps "commit"' ]
12 silly lifecycle glamorous@0.0.0-semantically-released~start: Returned: code: 1  signal: null
13 info lifecycle glamorous@0.0.0-semantically-released~start: Failed to exec start script
14 verbose stack Error: glamorous@0.0.0-semantically-released start: `nps "commit"`
14 verbose stack Exit status 1
14 verbose stack     at EventEmitter.<anonymous> (C:\Program Files\nodejs\node_modules\npm\lib\utils\lifecycle.js:242:16)
14 verbose stack     at emitTwo (events.js:106:13)
14 verbose stack     at EventEmitter.emit (events.js:191:7)
14 verbose stack     at ChildProcess.<anonymous> (C:\Program Files\nodejs\node_modules\npm\lib\utils\spawn.js:40:14)
14 verbose stack     at emitTwo (events.js:106:13)
14 verbose stack     at ChildProcess.emit (events.js:191:7)
14 verbose stack     at maybeClose (internal/child_process.js:877:16)
14 verbose stack     at Process.ChildProcess._handle.onexit (internal/child_process.js:226:5)
15 verbose pkgid glamorous@0.0.0-semantically-released
16 verbose cwd C:\Users\berna\Desktop\projects\glamorous
17 error Windows_NT 10.0.15063
18 error argv "C:\\Program Files\\nodejs\\node.exe" "C:\\Program Files\\nodejs\\node_modules\\npm\\bin\\npm-cli.js" "start" "commit"
19 error node v6.6.0
20 error npm  v3.10.3
21 error code ELIFECYCLE
22 error glamorous@0.0.0-semantically-released start: `nps "commit"`
22 error Exit status 1
23 error Failed at the glamorous@0.0.0-semantically-released start script 'nps "commit"'.
23 error Make sure you have the latest version of node.js and npm installed.
23 error If you do, this is most likely a problem with the glamorous package,
23 error not with npm itself.
23 error Tell the author that this fails on your system:
23 error     nps "commit"
23 error You can get information on how to open an issue for this project with:
23 error     npm bugs glamorous
23 error Or if that isn't available, you can get their info via:
23 error     npm owner ls glamorous
23 error There is likely additional logging output above.
24 verbose exit [ 1, true ]
